<?xml version="1.0" encoding="UTF-8"?>
<testsuites name="Eligible movie" time="24.874" tests="1" failures="0" errors="1">
   <testsuite name="Eligible movie" tests="1" failures="0" errors="1" time="24.874" skipped="0" timestamp="2022-01-30 17:24:19" hostname="knoldus - knoldus-Latitude-3520" id="Test Suites/Eligible Moviee/Eligible movie">
      <properties>
         <property name="deviceName" value=""/>
         <property name="devicePlatform" value=""/>
         <property name="logFolder" value="/home/knoldus/git/Universal-Auto/Reports/20220130_171958/Eligible Moviee/Eligible movie/20220130_172003"/>
         <property name="logFiles" value="/home/knoldus/git/Universal-Auto/Reports/20220130_171958/Eligible Moviee/Eligible movie/20220130_172003/execution0.log"/>
         <property name="attachments" value="/home/knoldus/git/Universal-Auto/Reports/20220130_171958/Eligible Moviee/Eligible movie/20220130_172003/1643543683014.png"/>
         <property name="hostName" value="knoldus - knoldus-Latitude-3520"/>
         <property name="os" value="Linux 64bit"/>
         <property name="katalonVersion" value="8.2.5.208"/>
         <property name="browser" value="Chrome 97.0.4692.99"/>
         <property name="hostAddress" value="127.0.1.1"/>
         <property name="sessionId" value="34ab708d828e56bdb5d675d2b7203441"/>
         <property name="seleniumVersion" value="3.141.59"/>
         <property name="proxyInformation" value="ProxyInformation { proxyOption=NO_PROXY, proxyServerType=HTTP, username=, password=********, proxyServerAddress=, proxyServerPort=0, executionList=&quot;&quot;, isApplyToDesiredCapabilities=true }"/>
         <property name="platform" value="Linux"/>
      </properties>
      <testcase name="Test Cases/Universal/Tc-5 Verify the movies on Eligible page" time="24.659" classname="Test Cases/Universal/Tc-5 Verify the movies on Eligible page" status="ERROR">
         <error type="ERROR" message="Test Cases/Universal/Tc-5 Verify the movies on Eligible page FAILED.
Reason:
groovy.lang.MissingPropertyException: No such property: rrf for class: Script1642489889860
	at Tc-5 Verify the movies on Eligible page.run(Tc-5 Verify the movies on Eligible page:28)
	at com.kms.katalon.core.main.ScriptEngine.run(ScriptEngine.java:194)
	at com.kms.katalon.core.main.ScriptEngine.runScriptAsRawText(ScriptEngine.java:119)
	at com.kms.katalon.core.main.TestCaseExecutor.runScript(TestCaseExecutor.java:442)
	at com.kms.katalon.core.main.TestCaseExecutor.doExecute(TestCaseExecutor.java:433)
	at com.kms.katalon.core.main.TestCaseExecutor.processExecutionPhase(TestCaseExecutor.java:412)
	at com.kms.katalon.core.main.TestCaseExecutor.accessMainPhase(TestCaseExecutor.java:404)
	at com.kms.katalon.core.main.TestCaseExecutor.execute(TestCaseExecutor.java:281)
	at com.kms.katalon.core.main.TestSuiteExecutor.accessTestCaseMainPhase(TestSuiteExecutor.java:202)
	at com.kms.katalon.core.main.TestSuiteExecutor.accessTestSuiteMainPhase(TestSuiteExecutor.java:164)
	at com.kms.katalon.core.main.TestSuiteExecutor.execute(TestSuiteExecutor.java:105)
	at com.kms.katalon.core.main.TestCaseMain.startTestSuite(TestCaseMain.java:185)
	at com.kms.katalon.core.main.TestCaseMain$startTestSuite$0.call(Unknown Source)
	at TempTestSuite1643543403830.run(TempTestSuite1643543403830.groovy:36)
"/>
         <system-out><![CDATA[2022-01-30 17:24:19 - [TEST_CASE][ERROR] - Test Cases/Universal/Tc-5 Verify the movies on Eligible page: Test Cases/Universal/Tc-5 Verify the movies on Eligible page FAILED.
Reason:
groovy.lang.MissingPropertyException: No such property: rrf for class: Script1642489889860
	at Tc-5 Verify the movies on Eligible page.run(Tc-5 Verify the movies on Eligible page:28)
	at com.kms.katalon.core.main.ScriptEngine.run(ScriptEngine.java:194)
	at com.kms.katalon.core.main.ScriptEngine.runScriptAsRawText(ScriptEngine.java:119)
	at com.kms.katalon.core.main.TestCaseExecutor.runScript(TestCaseExecutor.java:442)
	at com.kms.katalon.core.main.TestCaseExecutor.doExecute(TestCaseExecutor.java:433)
	at com.kms.katalon.core.main.TestCaseExecutor.processExecutionPhase(TestCaseExecutor.java:412)
	at com.kms.katalon.core.main.TestCaseExecutor.accessMainPhase(TestCaseExecutor.java:404)
	at com.kms.katalon.core.main.TestCaseExecutor.execute(TestCaseExecutor.java:281)
	at com.kms.katalon.core.main.TestSuiteExecutor.accessTestCaseMainPhase(TestSuiteExecutor.java:202)
	at com.kms.katalon.core.main.TestSuiteExecutor.accessTestSuiteMainPhase(TestSuiteExecutor.java:164)
	at com.kms.katalon.core.main.TestSuiteExecutor.execute(TestSuiteExecutor.java:105)
	at com.kms.katalon.core.main.TestCaseMain.startTestSuite(TestCaseMain.java:185)
	at com.kms.katalon.core.main.TestCaseMain$startTestSuite$0.call(Unknown Source)
	at TempTestSuite1643543403830.run(TempTestSuite1643543403830.groovy:36)


2022-01-30 17:24:19 - [TEST_STEP][PASSED] - callTestCase(findTestCase("Universal/Login/TC-2 Login with Screenwriter"), ["Email":"ankit248@yopmail.com", "Pswrd":"3TL@testing"], STOP_ON_FAILURE): Call Test Case 'Test Cases/Universal/Login/TC-2 Login with Screenwriter' successfully

2022-01-30 17:24:19 - [TEST_CASE][PASSED] - Test Cases/Universal/Login/TC-2 Login with Screenwriter: Test Cases/Universal/Login/TC-2 Login with Screenwriter

2022-01-30 17:24:19 - [TEST_STEP][PASSED] - openBrowser(""): Browser is opened with url: ''

2022-01-30 17:24:20 - [MESSAGE][INFO] - Starting 'Chrome (headless)' driver

2022-01-30 17:24:20 - [MESSAGE][INFO] - Action delay is set to 0 milliseconds

2022-01-30 17:24:20 - [MESSAGE][PASSED] - Browser is opened with url: ''

2022-01-30 17:24:20 - [TEST_STEP][PASSED] - setViewPortSize(1920, 1080): Viewport is set to new size with width = 1920 and height = 1080

2022-01-30 17:24:20 - [MESSAGE][PASSED] - Viewport is set to new size with width = 1920 and height = 1080

2022-01-30 17:24:20 - [TEST_STEP][PASSED] - navigateToUrl(url): Navigate to 'https://universal.3tlstaging.com/home' successfully

2022-01-30 17:24:34 - [MESSAGE][PASSED] - Navigate to 'https://universal.3tlstaging.com/home' successfully

2022-01-30 17:24:34 - [TEST_STEP][PASSED] - delay(5): Delayed 5 second(s)

2022-01-30 17:24:39 - [MESSAGE][PASSED] - Delayed 5 second(s)

2022-01-30 17:24:39 - [TEST_STEP][PASSED] - maximizeWindow(): Current window maximized

2022-01-30 17:24:40 - [MESSAGE][PASSED] - Current window maximized

2022-01-30 17:24:40 - [TEST_STEP][PASSED] - if (verifyTextPresent("REGISTER / LOGIN", true, STOP_ON_FAILURE)): null

2022-01-30 17:24:40 - [MESSAGE][PASSED] - Text 'REGISTER / LOGIN' is present on page  using regular expression

2022-01-30 17:24:40 - [TEST_STEP][PASSED] - click(findTestObject("Universal Staging/a_Register  Login")): Object: 'Object Repository/Universal Staging/a_Register  Login' is clicked on

2022-01-30 17:24:40 - [MESSAGE][PASSED] - Object: 'Object Repository/Universal Staging/a_Register  Login' is clicked on

2022-01-30 17:24:40 - [TEST_STEP][PASSED] - setText(findTestObject("Universal Staging/input_USERNAME OR EMAIL_mat-input-0"), Email): Text 'ankit248@yopmail.com' is set on object 'Object Repository/Universal Staging/input_USERNAME OR EMAIL_mat-input-0'

2022-01-30 17:24:40 - [MESSAGE][PASSED] - Text 'ankit248@yopmail.com' is set on object 'Object Repository/Universal Staging/input_USERNAME OR EMAIL_mat-input-0'

2022-01-30 17:24:40 - [TEST_STEP][PASSED] - setText(findTestObject("Universal Staging/input_PASSWORD_mat-input-1"), Pswrd): Text '3TL@testing' is set on object 'Object Repository/Universal Staging/input_PASSWORD_mat-input-1'

2022-01-30 17:24:40 - [MESSAGE][PASSED] - Text '3TL@testing' is set on object 'Object Repository/Universal Staging/input_PASSWORD_mat-input-1'

2022-01-30 17:24:40 - [TEST_STEP][PASSED] - click(findTestObject("Universal Staging/button_Login")): Object: 'Object Repository/Universal Staging/button_Login' is clicked on

2022-01-30 17:24:40 - [MESSAGE][PASSED] - Object: 'Object Repository/Universal Staging/button_Login' is clicked on

2022-01-30 17:24:40 - [TEST_STEP][PASSED] - delay(2): Delayed 2 second(s)

2022-01-30 17:24:42 - [MESSAGE][PASSED] - Delayed 2 second(s)

2022-01-30 17:24:42 - [TEST_STEP][PASSED] - result = getText(findTestObject("Object Repository/Universal Staging/Tier Name")): Text of object 'Object Repository/Universal Staging/Tier Name' is: 'Ankit Kumar'

2022-01-30 17:24:42 - [MESSAGE][PASSED] - Text of object 'Object Repository/Universal Staging/Tier Name' is: 'Ankit Kumar'

2022-01-30 17:24:42 - [TEST_STEP][PASSED] - out.println(result): null

2022-01-30 17:24:42 - [TEST_STEP][PASSED] - takeScreenshot(): Taking screenshot successfully

2022-01-30 17:24:43 - [MESSAGE][PASSED] - Taking screenshot successfully
[[ATTACHMENT|/home/knoldus/git/Universal-Auto/Reports/20220130_171958/Eligible Moviee/Eligible movie/20220130_172003/1643543683014.png]]

2022-01-30 17:24:43 - [MESSAGE][PASSED] - Call Test Case 'Test Cases/Universal/Login/TC-2 Login with Screenwriter' successfully

2022-01-30 17:24:43 - [TEST_STEP][PASSED] - mouseOver(findTestObject("Object Repository/eligible movie/Page_Universal All-Access Rewards  Get Rewa_700d57/a_Validate Purchase")): Object: 'Object Repository/eligible movie/Page_Universal All-Access Rewards  Get Rewa_700d57/a_Validate Purchase' is hovered

2022-01-30 17:24:43 - [MESSAGE][PASSED] - Object: 'Object Repository/eligible movie/Page_Universal All-Access Rewards  Get Rewa_700d57/a_Validate Purchase' is hovered

2022-01-30 17:24:43 - [TEST_STEP][PASSED] - click(findTestObject("Object Repository/eligible movie/Page_Universal All-Access Rewards  Get Rewa_700d57/a_Eligible Movies")): Object: 'Object Repository/eligible movie/Page_Universal All-Access Rewards  Get Rewa_700d57/a_Eligible Movies' is clicked on

2022-01-30 17:24:44 - [MESSAGE][PASSED] - Object: 'Object Repository/eligible movie/Page_Universal All-Access Rewards  Get Rewa_700d57/a_Eligible Movies' is clicked on

2022-01-30 17:24:44 - [TEST_STEP][ERROR] - rrf: Test Cases/Universal/Tc-5 Verify the movies on Eligible page FAILED.
Reason:
groovy.lang.MissingPropertyException: No such property: rrf for class: Script1642489889860
	at Tc-5 Verify the movies on Eligible page.run(Tc-5 Verify the movies on Eligible page:28)
	at com.kms.katalon.core.main.ScriptEngine.run(ScriptEngine.java:194)
	at com.kms.katalon.core.main.ScriptEngine.runScriptAsRawText(ScriptEngine.java:119)
	at com.kms.katalon.core.main.TestCaseExecutor.runScript(TestCaseExecutor.java:442)
	at com.kms.katalon.core.main.TestCaseExecutor.doExecute(TestCaseExecutor.java:433)
	at com.kms.katalon.core.main.TestCaseExecutor.processExecutionPhase(TestCaseExecutor.java:412)
	at com.kms.katalon.core.main.TestCaseExecutor.accessMainPhase(TestCaseExecutor.java:404)
	at com.kms.katalon.core.main.TestCaseExecutor.execute(TestCaseExecutor.java:281)
	at com.kms.katalon.core.main.TestSuiteExecutor.accessTestCaseMainPhase(TestSuiteExecutor.java:202)
	at com.kms.katalon.core.main.TestSuiteExecutor.accessTestSuiteMainPhase(TestSuiteExecutor.java:164)
	at com.kms.katalon.core.main.TestSuiteExecutor.execute(TestSuiteExecutor.java:105)
	at com.kms.katalon.core.main.TestCaseMain.startTestSuite(TestCaseMain.java:185)
	at com.kms.katalon.core.main.TestCaseMain$startTestSuite$0.call(Unknown Source)
	at TempTestSuite1643543403830.run(TempTestSuite1643543403830.groovy:36)


2022-01-30 17:24:44 - [MESSAGE][ERROR] - Test Cases/Universal/Tc-5 Verify the movies on Eligible page FAILED.
Reason:
groovy.lang.MissingPropertyException: No such property: rrf for class: Script1642489889860
	at Tc-5 Verify the movies on Eligible page.run(Tc-5 Verify the movies on Eligible page:28)
	at com.kms.katalon.core.main.ScriptEngine.run(ScriptEngine.java:194)
	at com.kms.katalon.core.main.ScriptEngine.runScriptAsRawText(ScriptEngine.java:119)
	at com.kms.katalon.core.main.TestCaseExecutor.runScript(TestCaseExecutor.java:442)
	at com.kms.katalon.core.main.TestCaseExecutor.doExecute(TestCaseExecutor.java:433)
	at com.kms.katalon.core.main.TestCaseExecutor.processExecutionPhase(TestCaseExecutor.java:412)
	at com.kms.katalon.core.main.TestCaseExecutor.accessMainPhase(TestCaseExecutor.java:404)
	at com.kms.katalon.core.main.TestCaseExecutor.execute(TestCaseExecutor.java:281)
	at com.kms.katalon.core.main.TestSuiteExecutor.accessTestCaseMainPhase(TestSuiteExecutor.java:202)
	at com.kms.katalon.core.main.TestSuiteExecutor.accessTestSuiteMainPhase(TestSuiteExecutor.java:164)
	at com.kms.katalon.core.main.TestSuiteExecutor.execute(TestSuiteExecutor.java:105)
	at com.kms.katalon.core.main.TestCaseMain.startTestSuite(TestCaseMain.java:185)
	at com.kms.katalon.core.main.TestCaseMain$startTestSuite$0.call(Unknown Source)
	at TempTestSuite1643543403830.run(TempTestSuite1643543403830.groovy:36)]]></system-out>
         <system-err><![CDATA[2022-01-30 17:24:19 - [TEST_CASE][ERROR] - Test Cases/Universal/Tc-5 Verify the movies on Eligible page: Test Cases/Universal/Tc-5 Verify the movies on Eligible page FAILED.
Reason:
groovy.lang.MissingPropertyException: No such property: rrf for class: Script1642489889860
	at Tc-5 Verify the movies on Eligible page.run(Tc-5 Verify the movies on Eligible page:28)
	at com.kms.katalon.core.main.ScriptEngine.run(ScriptEngine.java:194)
	at com.kms.katalon.core.main.ScriptEngine.runScriptAsRawText(ScriptEngine.java:119)
	at com.kms.katalon.core.main.TestCaseExecutor.runScript(TestCaseExecutor.java:442)
	at com.kms.katalon.core.main.TestCaseExecutor.doExecute(TestCaseExecutor.java:433)
	at com.kms.katalon.core.main.TestCaseExecutor.processExecutionPhase(TestCaseExecutor.java:412)
	at com.kms.katalon.core.main.TestCaseExecutor.accessMainPhase(TestCaseExecutor.java:404)
	at com.kms.katalon.core.main.TestCaseExecutor.execute(TestCaseExecutor.java:281)
	at com.kms.katalon.core.main.TestSuiteExecutor.accessTestCaseMainPhase(TestSuiteExecutor.java:202)
	at com.kms.katalon.core.main.TestSuiteExecutor.accessTestSuiteMainPhase(TestSuiteExecutor.java:164)
	at com.kms.katalon.core.main.TestSuiteExecutor.execute(TestSuiteExecutor.java:105)
	at com.kms.katalon.core.main.TestCaseMain.startTestSuite(TestCaseMain.java:185)
	at com.kms.katalon.core.main.TestCaseMain$startTestSuite$0.call(Unknown Source)
	at TempTestSuite1643543403830.run(TempTestSuite1643543403830.groovy:36)]]></system-err>
      </testcase>
      <system-out><![CDATA[2022-01-30 17:24:19 - [TEST_SUITE][ERROR] - Eligible movie: Test Cases/Universal/Tc-5 Verify the movies on Eligible page FAILED.
Reason:
groovy.lang.MissingPropertyException: No such property: rrf for class: Script1642489889860
	at Tc-5 Verify the movies on Eligible page.run(Tc-5 Verify the movies on Eligible page:28)
	at com.kms.katalon.core.main.ScriptEngine.run(ScriptEngine.java:194)
	at com.kms.katalon.core.main.ScriptEngine.runScriptAsRawText(ScriptEngine.java:119)
	at com.kms.katalon.core.main.TestCaseExecutor.runScript(TestCaseExecutor.java:442)
	at com.kms.katalon.core.main.TestCaseExecutor.doExecute(TestCaseExecutor.java:433)
	at com.kms.katalon.core.main.TestCaseExecutor.processExecutionPhase(TestCaseExecutor.java:412)
	at com.kms.katalon.core.main.TestCaseExecutor.accessMainPhase(TestCaseExecutor.java:404)
	at com.kms.katalon.core.main.TestCaseExecutor.execute(TestCaseExecutor.java:281)
	at com.kms.katalon.core.main.TestSuiteExecutor.accessTestCaseMainPhase(TestSuiteExecutor.java:202)
	at com.kms.katalon.core.main.TestSuiteExecutor.accessTestSuiteMainPhase(TestSuiteExecutor.java:164)
	at com.kms.katalon.core.main.TestSuiteExecutor.execute(TestSuiteExecutor.java:105)
	at com.kms.katalon.core.main.TestCaseMain.startTestSuite(TestCaseMain.java:185)
	at com.kms.katalon.core.main.TestCaseMain$startTestSuite$0.call(Unknown Source)
	at TempTestSuite1643543403830.run(TempTestSuite1643543403830.groovy:36)]]></system-out>
      <system-err><![CDATA[2022-01-30 17:24:19 - [TEST_SUITE][ERROR] - Eligible movie: Test Cases/Universal/Tc-5 Verify the movies on Eligible page FAILED.
Reason:
groovy.lang.MissingPropertyException: No such property: rrf for class: Script1642489889860
	at Tc-5 Verify the movies on Eligible page.run(Tc-5 Verify the movies on Eligible page:28)
	at com.kms.katalon.core.main.ScriptEngine.run(ScriptEngine.java:194)
	at com.kms.katalon.core.main.ScriptEngine.runScriptAsRawText(ScriptEngine.java:119)
	at com.kms.katalon.core.main.TestCaseExecutor.runScript(TestCaseExecutor.java:442)
	at com.kms.katalon.core.main.TestCaseExecutor.doExecute(TestCaseExecutor.java:433)
	at com.kms.katalon.core.main.TestCaseExecutor.processExecutionPhase(TestCaseExecutor.java:412)
	at com.kms.katalon.core.main.TestCaseExecutor.accessMainPhase(TestCaseExecutor.java:404)
	at com.kms.katalon.core.main.TestCaseExecutor.execute(TestCaseExecutor.java:281)
	at com.kms.katalon.core.main.TestSuiteExecutor.accessTestCaseMainPhase(TestSuiteExecutor.java:202)
	at com.kms.katalon.core.main.TestSuiteExecutor.accessTestSuiteMainPhase(TestSuiteExecutor.java:164)
	at com.kms.katalon.core.main.TestSuiteExecutor.execute(TestSuiteExecutor.java:105)
	at com.kms.katalon.core.main.TestCaseMain.startTestSuite(TestCaseMain.java:185)
	at com.kms.katalon.core.main.TestCaseMain$startTestSuite$0.call(Unknown Source)
	at TempTestSuite1643543403830.run(TempTestSuite1643543403830.groovy:36)]]></system-err>
   </testsuite>
</testsuites>
